2024-02-12 16:56:49,533 - INFO - [31m[1mWARNING: This is a development server. Do not use it in a production deployment. Use a production WSGI server instead.[0m
 * Running on http://127.0.0.1:5000
2024-02-12 16:56:49,533 - INFO - [33mPress CTRL+C to quit[0m
2024-02-12 16:56:49,534 - INFO -  * Restarting with stat
2024-02-12 16:56:49,623 - WARNING -  * Debugger is active!
2024-02-12 16:56:49,631 - INFO -  * Debugger PIN: 222-611-883
2024-02-12 16:57:48,378 - INFO - 127.0.0.1 - - [12/Feb/2024 16:57:48] "GET /test-db-connection HTTP/1.1" 200 -
2024-02-12 16:57:50,800 - INFO - 127.0.0.1 - - [12/Feb/2024 16:57:50] "GET /test-db-connection HTTP/1.1" 200 -
2024-02-12 17:00:01,976 - INFO -  * Detected change in '/Users/samahkhoja/Documents/smart-stock/backend/app.py', reloading
2024-02-12 17:00:02,019 - INFO -  * Restarting with stat
2024-02-12 17:00:02,225 - WARNING -  * Debugger is active!
2024-02-12 17:00:02,230 - INFO -  * Debugger PIN: 222-611-883
2024-02-12 17:00:03,246 - INFO -  * Detected change in '/Users/samahkhoja/Documents/smart-stock/backend/app.py', reloading
2024-02-12 17:00:03,280 - INFO -  * Restarting with stat
2024-02-12 17:01:03,113 - INFO - [31m[1mWARNING: This is a development server. Do not use it in a production deployment. Use a production WSGI server instead.[0m
 * Running on http://127.0.0.1:5000
2024-02-12 17:01:03,113 - INFO - [33mPress CTRL+C to quit[0m
2024-02-12 17:01:03,113 - INFO -  * Restarting with stat
2024-02-12 17:01:03,205 - WARNING -  * Debugger is active!
2024-02-12 17:01:03,210 - INFO -  * Debugger PIN: 222-611-883
2024-02-12 17:10:06,860 - INFO -  * Detected change in '/Users/samahkhoja/Documents/smart-stock/backend/app.py', reloading
2024-02-12 17:10:06,910 - INFO -  * Restarting with stat
2024-02-12 17:10:07,120 - WARNING -  * Debugger is active!
2024-02-12 17:10:07,126 - INFO -  * Debugger PIN: 222-611-883
2024-02-12 17:13:22,974 - INFO - [31m[1mWARNING: This is a development server. Do not use it in a production deployment. Use a production WSGI server instead.[0m
 * Running on http://127.0.0.1:5000
2024-02-12 17:13:22,974 - INFO - [33mPress CTRL+C to quit[0m
2024-02-12 17:13:22,974 - INFO -  * Restarting with stat
2024-02-12 17:13:23,062 - WARNING -  * Debugger is active!
2024-02-12 17:13:23,066 - INFO -  * Debugger PIN: 222-611-883
2024-02-12 17:23:26,922 - INFO - [31m[1mWARNING: This is a development server. Do not use it in a production deployment. Use a production WSGI server instead.[0m
 * Running on http://127.0.0.1:5000
2024-02-12 17:23:26,922 - INFO - [33mPress CTRL+C to quit[0m
2024-02-12 17:23:26,923 - INFO -  * Restarting with stat
2024-02-12 17:23:27,013 - WARNING -  * Debugger is active!
2024-02-12 17:23:27,018 - INFO -  * Debugger PIN: 222-611-883
